2026-01-19T12:49:21.418Z	Initializing build environment...
2026-01-19T12:49:38.750Z	Success: Finished initializing build environment
2026-01-19T12:49:39.141Z	Cloning repository...
2026-01-19T12:49:41.199Z	Restoring from dependencies cache
2026-01-19T12:49:41.201Z	Restoring from build output cache
2026-01-19T12:49:41.205Z	Detected the following tools from environment: npm@10.9.2, nodejs@22.16.0
2026-01-19T12:49:41.339Z	Installing project dependencies: npm clean-install --progress=false
2026-01-19T12:49:59.003Z	
2026-01-19T12:49:59.004Z	added 841 packages, and audited 842 packages in 17s
2026-01-19T12:49:59.004Z	
2026-01-19T12:49:59.004Z	300 packages are looking for funding
2026-01-19T12:49:59.004Z	  run `npm fund` for details
2026-01-19T12:49:59.057Z	
2026-01-19T12:49:59.057Z	9 vulnerabilities (4 low, 1 moderate, 4 high)
2026-01-19T12:49:59.057Z	
2026-01-19T12:49:59.057Z	To address issues that do not require attention, run:
2026-01-19T12:49:59.057Z	  npm audit fix
2026-01-19T12:49:59.057Z	
2026-01-19T12:49:59.057Z	To address all issues (including breaking changes), run:
2026-01-19T12:49:59.057Z	  npm audit fix --force
2026-01-19T12:49:59.057Z	
2026-01-19T12:49:59.058Z	Run `npm audit` for details.
2026-01-19T12:49:59.329Z	Executing user build command: npm run build
2026-01-19T12:50:01.701Z	
2026-01-19T12:50:01.702Z	> pink-point@1.0.0-beta.52 build
2026-01-19T12:50:01.702Z	> astro build
2026-01-19T12:50:01.702Z	
2026-01-19T12:50:04.475Z	12:50:04 [@astrojs/cloudflare] Enabling sessions with Cloudflare KV with the "SESSION" KV binding.
2026-01-19T12:50:04.475Z	12:50:04 [@astrojs/cloudflare] If you see the error "Invalid binding `SESSION`" in your build output, you need to add the binding to your wrangler config file.
2026-01-19T12:50:04.491Z	12:50:04 [WARN] [adapter] Cloudflare does not support sharp at runtime. However, you can configure `imageService: "compile"` to optimize images with sharp on prerendered pages during build time.
2026-01-19T12:50:05.054Z	12:50:05 [content] Syncing content
2026-01-19T12:50:05.070Z	12:50:05 [content] Synced content
2026-01-19T12:50:05.070Z	12:50:05 [types] Generated 528ms
2026-01-19T12:50:05.070Z	12:50:05 [build] output: "static"
2026-01-19T12:50:05.070Z	12:50:05 [build] mode: "server"
2026-01-19T12:50:05.071Z	12:50:05 [build] directory: /opt/buildhome/repo/dist/
2026-01-19T12:50:05.071Z	12:50:05 [build] adapter: @astrojs/cloudflare
2026-01-19T12:50:05.071Z	12:50:05 [build] Collecting build info...
2026-01-19T12:50:05.071Z	12:50:05 [build] ✓ Completed in 598ms.
2026-01-19T12:50:05.072Z	12:50:05 [build] Building server entrypoints...
2026-01-19T12:50:06.289Z	12:50:06 [WARN] [vite] [plugin vite:resolve] Automatically externalized node built-in module "fs" imported from "src/utils/config.ts". Consider adding it to environments.ssr.external if it is intended.
2026-01-19T12:50:06.290Z	12:50:06 [WARN] [vite] [plugin vite:resolve] Automatically externalized node built-in module "path" imported from "src/utils/config.ts". Consider adding it to environments.ssr.external if it is intended.
2026-01-19T12:50:07.447Z	12:50:07 [ERROR] [vite] ✗ Build failed in 2.34s
2026-01-19T12:50:07.886Z	[vite]: Rollup failed to resolve import "astrowind:config" from "/opt/buildhome/repo/src/utils/utils.ts".
2026-01-19T12:50:07.886Z	This is most likely unintended because it can break your application at runtime.
2026-01-19T12:50:07.886Z	If you do want to externalize this module explicitly add it to
2026-01-19T12:50:07.887Z	`build.rollupOptions.external`
2026-01-19T12:50:07.887Z	  Stack trace:
2026-01-19T12:50:07.887Z	    at viteLog (file:///opt/buildhome/repo/node_modules/vite/dist/node/chunks/dep-D4NMHUTW.js:46374:15)
2026-01-19T12:50:07.887Z	    at onLog (file:///opt/buildhome/repo/node_modules/vite/dist/node/chunks/dep-D4NMHUTW.js:46072:7)
2026-01-19T12:50:07.887Z	    at Object.logger [as onLog] (file:///opt/buildhome/repo/node_modules/rollup/dist/es/shared/node-entry.js:22968:9)
2026-01-19T12:50:07.887Z	    at file:///opt/buildhome/repo/node_modules/rollup/dist/es/shared/node-entry.js:21670:26
2026-01-19T12:50:15.054Z	Failed: error occurred while running build command