2026-01-19T12:13:55.064Z	Initializing build environment...
2026-01-19T12:13:56.493Z	Success: Finished initializing build environment
2026-01-19T12:13:56.874Z	Cloning repository...
2026-01-19T12:13:58.183Z	Detected the following tools from environment: npm@10.9.2, nodejs@22.16.0
2026-01-19T12:13:58.184Z	Restoring from dependencies cache
2026-01-19T12:13:58.186Z	Restoring from build output cache
2026-01-19T12:13:58.299Z	Installing project dependencies: npm clean-install --progress=false
2026-01-19T12:14:15.934Z	
2026-01-19T12:14:15.935Z	added 841 packages, and audited 842 packages in 17s
2026-01-19T12:14:15.935Z	
2026-01-19T12:14:15.935Z	300 packages are looking for funding
2026-01-19T12:14:15.935Z	  run `npm fund` for details
2026-01-19T12:14:16.022Z	
2026-01-19T12:14:16.023Z	9 vulnerabilities (4 low, 1 moderate, 4 high)
2026-01-19T12:14:16.023Z	
2026-01-19T12:14:16.024Z	To address issues that do not require attention, run:
2026-01-19T12:14:16.024Z	  npm audit fix
2026-01-19T12:14:16.024Z	
2026-01-19T12:14:16.024Z	To address all issues (including breaking changes), run:
2026-01-19T12:14:16.025Z	  npm audit fix --force
2026-01-19T12:14:16.025Z	
2026-01-19T12:14:16.029Z	Run `npm audit` for details.
2026-01-19T12:14:16.436Z	Executing user build command: npm run build
2026-01-19T12:14:18.228Z	
2026-01-19T12:14:18.228Z	> pink-point@1.0.0-beta.52 build
2026-01-19T12:14:18.228Z	> astro build
2026-01-19T12:14:18.228Z	
2026-01-19T12:14:20.973Z	12:14:20 [@astrojs/cloudflare] Enabling sessions with Cloudflare KV with the "SESSION" KV binding.
2026-01-19T12:14:20.974Z	12:14:20 [@astrojs/cloudflare] If you see the error "Invalid binding `SESSION`" in your build output, you need to add the binding to your wrangler config file.
2026-01-19T12:14:20.990Z	12:14:20 [WARN] [adapter] Cloudflare does not support sharp at runtime. However, you can configure `imageService: "compile"` to optimize images with sharp on prerendered pages during build time.
2026-01-19T12:14:26.357Z	12:14:26 [content] Syncing content
2026-01-19T12:14:26.375Z	12:14:26 [content] Synced content
2026-01-19T12:14:26.376Z	12:14:26 [types] Generated 1.13s
2026-01-19T12:14:26.377Z	12:14:26 [build] output: "static"
2026-01-19T12:14:26.378Z	12:14:26 [build] mode: "server"
2026-01-19T12:14:26.378Z	12:14:26 [build] directory: /opt/buildhome/repo/dist/
2026-01-19T12:14:26.378Z	12:14:26 [build] adapter: @astrojs/cloudflare
2026-01-19T12:14:26.378Z	12:14:26 [build] Collecting build info...
2026-01-19T12:14:26.378Z	12:14:26 [build] ✓ Completed in 5.41s.
2026-01-19T12:14:26.379Z	12:14:26 [build] Building server entrypoints...
2026-01-19T12:14:27.998Z	12:14:27 [ERROR] [vite] ✗ Build failed in 1.59s
2026-01-19T12:14:28.651Z	[vite]: Rollup failed to resolve import "astrowind:config" from "/opt/buildhome/repo/src/pages/rss.xml.ts".
2026-01-19T12:14:28.651Z	This is most likely unintended because it can break your application at runtime.
2026-01-19T12:14:28.652Z	If you do want to externalize this module explicitly add it to
2026-01-19T12:14:28.652Z	`build.rollupOptions.external`
2026-01-19T12:14:28.652Z	  Stack trace:
2026-01-19T12:14:28.652Z	    at viteLog (file:///opt/buildhome/repo/node_modules/vite/dist/node/chunks/dep-D4NMHUTW.js:46374:15)
2026-01-19T12:14:28.652Z	    at onLog (file:///opt/buildhome/repo/node_modules/vite/dist/node/chunks/dep-D4NMHUTW.js:46072:7)
2026-01-19T12:14:28.652Z	    at Object.logger [as onLog] (file:///opt/buildhome/repo/node_modules/rollup/dist/es/shared/node-entry.js:22968:9)
2026-01-19T12:14:28.652Z	    at file:///opt/buildhome/repo/node_modules/rollup/dist/es/shared/node-entry.js:21670:26
2026-01-19T12:14:28.749Z	Failed: error occurred while running build command