2026-01-19T12:27:29.672Z	Initializing build environment...
2026-01-19T12:28:06.901Z	Success: Finished initializing build environment
2026-01-19T12:28:07.329Z	Cloning repository...
2026-01-19T12:28:08.996Z	Restoring from dependencies cache
2026-01-19T12:28:08.998Z	Restoring from build output cache
2026-01-19T12:28:09.001Z	Detected the following tools from environment: npm@10.9.2, nodejs@22.16.0
2026-01-19T12:28:09.094Z	Installing project dependencies: npm clean-install --progress=false
2026-01-19T12:28:24.562Z	
2026-01-19T12:28:24.562Z	added 841 packages, and audited 842 packages in 15s
2026-01-19T12:28:24.562Z	
2026-01-19T12:28:24.562Z	300 packages are looking for funding
2026-01-19T12:28:24.562Z	  run `npm fund` for details
2026-01-19T12:28:24.615Z	
2026-01-19T12:28:24.615Z	9 vulnerabilities (4 low, 1 moderate, 4 high)
2026-01-19T12:28:24.616Z	
2026-01-19T12:28:24.616Z	To address issues that do not require attention, run:
2026-01-19T12:28:24.616Z	  npm audit fix
2026-01-19T12:28:24.616Z	
2026-01-19T12:28:24.616Z	To address all issues (including breaking changes), run:
2026-01-19T12:28:24.616Z	  npm audit fix --force
2026-01-19T12:28:24.616Z	
2026-01-19T12:28:24.616Z	Run `npm audit` for details.
2026-01-19T12:28:24.902Z	Executing user build command: npm run build
2026-01-19T12:28:25.131Z	
2026-01-19T12:28:25.133Z	> pink-point@1.0.0-beta.52 build
2026-01-19T12:28:25.133Z	> astro build
2026-01-19T12:28:25.133Z	
2026-01-19T12:28:27.118Z	12:28:27 [@astrojs/cloudflare] Enabling sessions with Cloudflare KV with the "SESSION" KV binding.
2026-01-19T12:28:27.118Z	12:28:27 [@astrojs/cloudflare] If you see the error "Invalid binding `SESSION`" in your build output, you need to add the binding to your wrangler config file.
2026-01-19T12:28:27.130Z	12:28:27 [WARN] [adapter] Cloudflare does not support sharp at runtime. However, you can configure `imageService: "compile"` to optimize images with sharp on prerendered pages during build time.
2026-01-19T12:28:27.745Z	12:28:27 [content] Syncing content
2026-01-19T12:28:27.759Z	12:28:27 [content] Synced content
2026-01-19T12:28:27.761Z	12:28:27 [types] Generated 592ms
2026-01-19T12:28:27.761Z	12:28:27 [build] output: "static"
2026-01-19T12:28:27.761Z	12:28:27 [build] mode: "server"
2026-01-19T12:28:27.761Z	12:28:27 [build] directory: /opt/buildhome/repo/dist/
2026-01-19T12:28:27.761Z	12:28:27 [build] adapter: @astrojs/cloudflare
2026-01-19T12:28:27.761Z	12:28:27 [build] Collecting build info...
2026-01-19T12:28:27.762Z	12:28:27 [build] ✓ Completed in 645ms.
2026-01-19T12:28:27.763Z	12:28:27 [build] Building server entrypoints...
2026-01-19T12:28:28.944Z	12:28:28 [ERROR] [vite] ✗ Build failed in 1.16s
2026-01-19T12:28:29.555Z	Could not resolve "./config" from "src/utils/blog.ts"
2026-01-19T12:28:29.556Z	file: /opt/buildhome/repo/src/utils/blog.ts
2026-01-19T12:28:29.556Z	  Stack trace:
2026-01-19T12:28:29.557Z	    at getRollupError (file:///opt/buildhome/repo/node_modules/rollup/dist/es/shared/parseAst.js:401:41)
2026-01-19T12:28:29.557Z	    at ModuleLoader.handleInvalidResolvedId (file:///opt/buildhome/repo/node_modules/rollup/dist/es/shared/node-entry.js:21710:24)
2026-01-19T12:28:29.684Z	Failed: error occurred while running build command