2026-01-19T12:40:25.776Z	Initializing build environment...
2026-01-19T12:40:25.776Z	Initializing build environment...
2026-01-19T12:41:06.021Z	Success: Finished initializing build environment
2026-01-19T12:41:06.475Z	Cloning repository...
2026-01-19T12:41:08.065Z	Restoring from dependencies cache
2026-01-19T12:41:08.066Z	Restoring from build output cache
2026-01-19T12:41:08.071Z	Detected the following tools from environment: npm@10.9.2, nodejs@22.16.0
2026-01-19T12:41:08.201Z	Installing project dependencies: npm clean-install --progress=false
2026-01-19T12:41:25.370Z	
2026-01-19T12:41:25.372Z	added 841 packages, and audited 842 packages in 17s
2026-01-19T12:41:25.373Z	
2026-01-19T12:41:25.373Z	300 packages are looking for funding
2026-01-19T12:41:25.373Z	  run `npm fund` for details
2026-01-19T12:41:25.430Z	
2026-01-19T12:41:25.430Z	9 vulnerabilities (4 low, 1 moderate, 4 high)
2026-01-19T12:41:25.430Z	
2026-01-19T12:41:25.430Z	To address issues that do not require attention, run:
2026-01-19T12:41:25.431Z	  npm audit fix
2026-01-19T12:41:25.431Z	
2026-01-19T12:41:25.431Z	To address all issues (including breaking changes), run:
2026-01-19T12:41:25.431Z	  npm audit fix --force
2026-01-19T12:41:25.431Z	
2026-01-19T12:41:25.431Z	Run `npm audit` for details.
2026-01-19T12:41:25.713Z	Executing user build command: npm run build
2026-01-19T12:41:33.007Z	
2026-01-19T12:41:33.007Z	> pink-point@1.0.0-beta.52 build
2026-01-19T12:41:33.007Z	> astro build
2026-01-19T12:41:33.007Z	
2026-01-19T12:41:45.316Z	12:41:45 [@astrojs/cloudflare] Enabling sessions with Cloudflare KV with the "SESSION" KV binding.
2026-01-19T12:41:45.316Z	12:41:45 [@astrojs/cloudflare] If you see the error "Invalid binding `SESSION`" in your build output, you need to add the binding to your wrangler config file.
2026-01-19T12:41:45.329Z	12:41:45 [WARN] [adapter] Cloudflare does not support sharp at runtime. However, you can configure `imageService: "compile"` to optimize images with sharp on prerendered pages during build time.
2026-01-19T12:41:51.765Z	12:41:51 [content] Syncing content
2026-01-19T12:41:51.779Z	12:41:51 [content] Synced content
2026-01-19T12:41:51.779Z	12:41:51 [types] Generated 641ms
2026-01-19T12:41:51.780Z	12:41:51 [build] output: "static"
2026-01-19T12:41:51.783Z	12:41:51 [build] mode: "server"
2026-01-19T12:41:51.783Z	12:41:51 [build] directory: /opt/buildhome/repo/dist/
2026-01-19T12:41:51.783Z	12:41:51 [build] adapter: @astrojs/cloudflare
2026-01-19T12:41:51.783Z	12:41:51 [build] Collecting build info...
2026-01-19T12:41:51.784Z	12:41:51 [build] ✓ Completed in 6.47s.
2026-01-19T12:41:51.786Z	12:41:51 [build] Building server entrypoints...
2026-01-19T12:41:53.446Z	12:41:53 [ERROR] [vite] ✗ Build failed in 1.63s
2026-01-19T12:41:54.063Z	[vite]: Rollup failed to resolve import "astrowind:config" from "/opt/buildhome/repo/src/utils/permalinks.ts".
2026-01-19T12:41:54.064Z	This is most likely unintended because it can break your application at runtime.
2026-01-19T12:41:54.064Z	If you do want to externalize this module explicitly add it to
2026-01-19T12:41:54.065Z	`build.rollupOptions.external`
2026-01-19T12:41:54.066Z	  Stack trace:
2026-01-19T12:41:54.066Z	    at viteLog (file:///opt/buildhome/repo/node_modules/vite/dist/node/chunks/dep-D4NMHUTW.js:46374:15)
2026-01-19T12:41:54.067Z	    at onLog (file:///opt/buildhome/repo/node_modules/vite/dist/node/chunks/dep-D4NMHUTW.js:46072:7)
2026-01-19T12:41:54.067Z	    at Object.logger [as onLog] (file:///opt/buildhome/repo/node_modules/rollup/dist/es/shared/node-entry.js:22968:9)
2026-01-19T12:41:54.067Z	    at file:///opt/buildhome/repo/node_modules/rollup/dist/es/shared/node-entry.js:21670:26
2026-01-19T12:41:54.123Z	Failed: error occurred while running build command