2026-01-19T12:23:48.329Z	Initializing build environment...
2026-01-19T12:23:50.429Z	Success: Finished initializing build environment
2026-01-19T12:23:50.857Z	Cloning repository...
2026-01-19T12:23:52.660Z	Detected the following tools from environment: npm@10.9.2, nodejs@22.16.0
2026-01-19T12:23:52.663Z	Restoring from dependencies cache
2026-01-19T12:23:52.664Z	Restoring from build output cache
2026-01-19T12:23:52.804Z	Installing project dependencies: npm clean-install --progress=false
2026-01-19T12:24:22.003Z	
2026-01-19T12:24:22.003Z	added 841 packages, and audited 842 packages in 29s
2026-01-19T12:24:22.004Z	
2026-01-19T12:24:22.004Z	300 packages are looking for funding
2026-01-19T12:24:22.004Z	  run `npm fund` for details
2026-01-19T12:24:22.061Z	
2026-01-19T12:24:22.061Z	9 vulnerabilities (4 low, 1 moderate, 4 high)
2026-01-19T12:24:22.061Z	
2026-01-19T12:24:22.061Z	To address issues that do not require attention, run:
2026-01-19T12:24:22.061Z	  npm audit fix
2026-01-19T12:24:22.061Z	
2026-01-19T12:24:22.061Z	To address all issues (including breaking changes), run:
2026-01-19T12:24:22.062Z	  npm audit fix --force
2026-01-19T12:24:22.062Z	
2026-01-19T12:24:22.062Z	Run `npm audit` for details.
2026-01-19T12:24:22.310Z	Executing user build command: npm run build
2026-01-19T12:24:23.255Z	
2026-01-19T12:24:23.255Z	> pink-point@1.0.0-beta.52 build
2026-01-19T12:24:23.255Z	> astro build
2026-01-19T12:24:23.255Z	
2026-01-19T12:24:25.509Z	12:24:25 [@astrojs/cloudflare] Enabling sessions with Cloudflare KV with the "SESSION" KV binding.
2026-01-19T12:24:25.510Z	12:24:25 [@astrojs/cloudflare] If you see the error "Invalid binding `SESSION`" in your build output, you need to add the binding to your wrangler config file.
2026-01-19T12:24:25.523Z	12:24:25 [WARN] [adapter] Cloudflare does not support sharp at runtime. However, you can configure `imageService: "compile"` to optimize images with sharp on prerendered pages during build time.
2026-01-19T12:24:26.246Z	12:24:26 [content] Syncing content
2026-01-19T12:24:26.267Z	12:24:26 [content] Synced content
2026-01-19T12:24:26.267Z	12:24:26 [types] Generated 686ms
2026-01-19T12:24:26.268Z	12:24:26 [build] output: "static"
2026-01-19T12:24:26.268Z	12:24:26 [build] mode: "server"
2026-01-19T12:24:26.268Z	12:24:26 [build] directory: /opt/buildhome/repo/dist/
2026-01-19T12:24:26.268Z	12:24:26 [build] adapter: @astrojs/cloudflare
2026-01-19T12:24:26.268Z	12:24:26 [build] Collecting build info...
2026-01-19T12:24:26.268Z	12:24:26 [build] ✓ Completed in 760ms.
2026-01-19T12:24:26.269Z	12:24:26 [build] Building server entrypoints...
2026-01-19T12:24:28.321Z	12:24:28 [ERROR] [vite] ✗ Build failed in 2.02s
2026-01-19T12:24:28.791Z	[vite]: Rollup failed to resolve import "astrowind:config" from "/opt/buildhome/repo/src/utils/blog.ts".
2026-01-19T12:24:28.792Z	This is most likely unintended because it can break your application at runtime.
2026-01-19T12:24:28.795Z	If you do want to externalize this module explicitly add it to
2026-01-19T12:24:28.795Z	`build.rollupOptions.external`
2026-01-19T12:24:28.795Z	  Stack trace:
2026-01-19T12:24:28.795Z	    at viteLog (file:///opt/buildhome/repo/node_modules/vite/dist/node/chunks/dep-D4NMHUTW.js:46374:15)
2026-01-19T12:24:28.795Z	    at onLog (file:///opt/buildhome/repo/node_modules/vite/dist/node/chunks/dep-D4NMHUTW.js:46072:7)
2026-01-19T12:24:28.796Z	    at Object.logger [as onLog] (file:///opt/buildhome/repo/node_modules/rollup/dist/es/shared/node-entry.js:22968:9)
2026-01-19T12:24:28.796Z	    at file:///opt/buildhome/repo/node_modules/rollup/dist/es/shared/node-entry.js:21670:26
2026-01-19T12:24:28.899Z	Failed: error occurred while running build command